c:\users\bunya\source\repos\marıogame\marıogame\debug\vc142.pdb
c:\users\bunya\source\repos\marıogame\marıogame\debug\vc142.ıdb
c:\users\bunya\source\repos\marıogame\marıogame\debug\object.obj
c:\users\bunya\source\repos\marıogame\marıogame\debug\marıo.obj
c:\users\bunya\source\repos\marıogame\marıogame\debug\maın.obj
c:\users\bunya\source\repos\marıogame\marıogame\debug\game.obj
c:\users\bunya\source\repos\marıogame\marıogame\debug\turtle.obj
c:\users\bunya\source\repos\marıogame\marıogame\debug\scoreboard.obj
c:\users\bunya\source\repos\marıogame\debug\marıogame.exe
c:\users\bunya\source\repos\marıogame\marıogame\debug\marıogame.ılk
c:\users\bunya\source\repos\marıogame\debug\marıogame.pdb
c:\users\bunya\source\repos\mariogame\mariogame\debug\game.obj
c:\users\bunya\source\repos\mariogame\mariogame\debug\main.obj
c:\users\bunya\source\repos\mariogame\mariogame\debug\mario.obj
c:\users\bunya\source\repos\mariogame\mariogame\debug\object.obj
c:\users\bunya\source\repos\mariogame\mariogame\debug\scoreboard.obj
c:\users\bunya\source\repos\mariogame\mariogame\debug\turtle.obj
c:\users\bunya\source\repos\mariogame\mariogame\debug\mariogame.ilk
c:\users\bunya\source\repos\mariogame\mariogame\debug\vc142.idb
c:\users\bunya\source\repos\mariogame\mariogame\debug\vc142.pdb
c:\users\bunya\source\repos\mariogame\debug\mariogame.pdb
c:\users\bunya\source\repos\mariogame\debug\mariogame.exe
c:\users\bunya\source\repos\mariogame\mariogame\debug\mariogame.tlog\cl.command.1.tlog
c:\users\bunya\source\repos\mariogame\mariogame\debug\mariogame.tlog\cl.read.1.tlog
c:\users\bunya\source\repos\mariogame\mariogame\debug\mariogame.tlog\cl.write.1.tlog
c:\users\bunya\source\repos\mariogame\mariogame\debug\mariogame.tlog\link.command.1.tlog
c:\users\bunya\source\repos\mariogame\mariogame\debug\mariogame.tlog\link.read.1.tlog
c:\users\bunya\source\repos\mariogame\mariogame\debug\mariogame.tlog\link.write.1.tlog
